0 info it worked if it ends with ok
1 verbose cli [ 'D:\\nodeJS\\node.exe',
1 verbose cli   'D:\\nodeJS\\node_modules\\npm\\bin\\npm-cli.js',
1 verbose cli   'run',
1 verbose cli   'startv' ]
2 info using npm@3.10.10
3 info using node@v6.11.1
4 verbose run-script [ 'prestartv', 'startv', 'poststartv' ]
5 info lifecycle buildtools@1.0.0~prestartv: buildtools@1.0.0
6 silly lifecycle buildtools@1.0.0~prestartv: no script for prestartv, continuing
7 info lifecycle buildtools@1.0.0~startv: buildtools@1.0.0
8 verbose lifecycle buildtools@1.0.0~startv: unsafe-perm in lifecycle true
9 verbose lifecycle buildtools@1.0.0~startv: PATH: D:\nodeJS\node_modules\npm\bin\node-gyp-bin;J:\Z-eclass-optimize\branches\eclass_for_third_party_statistical_analysis\node_modules\.bin;d:\ProgramData\Anaconda2;d:\ProgramData\Anaconda2\Library\mingw-w64\bin;d:\ProgramData\Anaconda2\Library\usr\bin;d:\ProgramData\Anaconda2\Library\bin;d:\ProgramData\Anaconda2\Scripts;C:\Program Files (x86)\Common Files\Oracle\Java\javapath;C:\ProgramData\Oracle\Java\javapath;C:\Windows\system32;C:\Windows;C:\Windows\System32\Wbem;C:\Windows\System32\WindowsPowerShell\v1.0\;C:\Program Files (x86)\Windows7Master;D:\SVN\bin;F:\MyTest\Git\Git\cmd;D:\Program Files (x86)\Subversion\bin;C:\Program Files (x86)\Skype\Phone\;D:\nodeJS\;.;F:\MyTest\Android\android-sdk-windows\tools;F:\MyTest\Android\android-sdk-windows\platform-tools;F:\MyTest\ant\ant1.9.4\bin;F:\MyTest\jdk\jdk8\bin;F:\MyTest\jdk\jdk8\jre\bin;D:\Program Files\nodejs;C:\Users\Administrator\AppData\Roaming\npm;C:\Users\Administrator\AppData\Local\Programs\Fiddler
10 verbose lifecycle buildtools@1.0.0~startv: CWD: J:\Z-eclass-optimize\branches\eclass_for_third_party_statistical_analysis
11 silly lifecycle buildtools@1.0.0~startv: Args: [ '/d /s /c',
11 silly lifecycle   'grunt d:v --sourceDebug=true --production=false' ]
12 verbose stack Error: kill ENOSYS
12 verbose stack     at exports._errnoException (util.js:1018:11)
12 verbose stack     at process.kill (internal/process.js:190:13)
12 verbose stack     at process.listener (D:\nodeJS\node_modules\npm\node_modules\npmlog\node_modules\gauge\node_modules\signal-exit\index.js:86:15)
12 verbose stack     at emitNone (events.js:91:20)
12 verbose stack     at process.emit (events.js:185:7)
12 verbose stack     at processEmit (D:\nodeJS\node_modules\npm\node_modules\npmlog\node_modules\gauge\node_modules\signal-exit\index.js:146:32)
12 verbose stack     at processEmit (D:\nodeJS\node_modules\npm\node_modules\npm-registry-client\node_modules\npmlog\node_modules\gauge\node_modules\signal-exit\index.js:146:32)
12 verbose stack     at Signal.wrap.onsignal (internal/process.js:217:44)
13 verbose cwd J:\Z-eclass-optimize\branches\eclass_for_third_party_statistical_analysis
14 error Windows_NT 6.1.7601
15 error argv "D:\\nodeJS\\node.exe" "D:\\nodeJS\\node_modules\\npm\\bin\\npm-cli.js" "run" "startv"
16 error node v6.11.1
17 error npm  v3.10.10
18 error code ENOSYS
19 error errno ENOSYS
20 error syscall kill
21 error kill ENOSYS
22 error If you need help, you may report this error at:
22 error     <https://github.com/npm/npm/issues>
23 verbose exit [ 1, true ]
